2024-12-09 18:09:25,PATCH,,archived a campaign record
2024-12-09 18:17:15,PATCH,john_doe,archived a campaign record
2024-12-09 18:34:33,PATCH,john_doe,archived a campaign record
2024-12-09 18:34:42,PATCH,john_doe,archived a campaign record
2024-12-09 18:34:51,PATCH,john_doe,archived a campaign record
2024-12-09 18:36:19,PATCH,john_doe,archived 2 a campaign record
2024-12-09 19:19:18,DELETE,john_doe,SQLSTATE[42S22]: Column not found: 1054 Unknown column 'is_archived' in 'field list'
2024-12-09 19:21:00,DELETE,john_doe,Deleted a pledge 2 worth  and updated campaign amount raised to .
2024-12-09 19:21:56,DELETE,john_doe,Deleted a pledge 2 and updated campaign amount raised.
2024-12-09 19:26:29,DELETE,john_doe,Deleted a pledge 2 and updated campaign amount raised.
2024-12-09 19:26:44,DELETE,john_doe,Deleted a pledge 2 and updated campaign amount raised.
2024-12-09 19:44:26,DELETE,john_doe,Deleted pledge with ID 2 and updated the campaign's raised amount.
2024-12-09 19:54:05,POST,(),2,Added a new pledge and updated the campaign's raised amount..
2024-12-09 19:55:16,POST,(),2,Added a new pledge and updated the campaign's raised amount..
2024-12-09 21:51:28,DELETE,john_doe,Deleted pledge with ID 1 and updated the campaign's raised amount.
2024-12-09 22:05:33,DELETE,john_doe,Deleted campaign record with ID: 2
2024-12-09 22:38:57,PATCH,john_doe,Archived campaign record with ID: 1 and all associated pledges.
2024-12-09 22:41:59,DELETE,john_doe,Deleted pledge with ID 2 and updated the campaign's raised amount.
2024-12-09 23:16:16,PATCH,john_doe,Archived campaign record with ID: 6 and all associated pledges.
2024-12-09 23:18:17,PATCH,john_doe,Archived pledge with ID 5 and updated the campaign's raised amount.
2024-12-09 23:52:21,DELETE,Unknown User,failed to destroy a pledge recored
2024-12-09 23:53:23,DELETE,Unknown User,Deleted pledge with ID 5.
